d:\work\wolfssl_4_6_0\git\wolfssl_stub-master\wolfssl_stub_sample_aes_gcm\cyassl-4.6.0\wolfssl_fips\wolfssl_fips\debug\wolfssl_fips_video.pdb
d:\work\wolfssl_4_6_0\git\wolfssl_stub-master\wolfssl_stub_sample_aes_gcm\cyassl-4.6.0\wolfssl_fips\wolfssl_fips\debug\wolfssl_fips_video.idb
d:\work\wolfssl_4_6_0\git\wolfssl_stub-master\wolfssl_stub_sample_aes_gcm\cyassl-4.6.0\wolfssl_fips\wolfssl_fips\debug\pkcs7.obj
d:\work\wolfssl_4_6_0\git\wolfssl_stub-master\wolfssl_stub_sample_aes_gcm\cyassl-4.6.0\wolfssl_fips\wolfssl_fips\debug\poly1305.obj
d:\work\wolfssl_4_6_0\git\wolfssl_stub-master\wolfssl_stub_sample_aes_gcm\cyassl-4.6.0\wolfssl_fips\wolfssl_fips\debug\pwdbased.obj
d:\work\wolfssl_4_6_0\git\wolfssl_stub-master\wolfssl_stub_sample_aes_gcm\cyassl-4.6.0\wolfssl_fips\wolfssl_fips\debug\rabbit.obj
d:\work\wolfssl_4_6_0\git\wolfssl_stub-master\wolfssl_stub_sample_aes_gcm\cyassl-4.6.0\wolfssl_fips\wolfssl_fips\debug\random.obj
d:\work\wolfssl_4_6_0\git\wolfssl_stub-master\wolfssl_stub_sample_aes_gcm\cyassl-4.6.0\wolfssl_fips\wolfssl_fips\debug\ripemd.obj
d:\work\wolfssl_4_6_0\git\wolfssl_stub-master\wolfssl_stub_sample_aes_gcm\cyassl-4.6.0\wolfssl_fips\wolfssl_fips\debug\rsa.obj
d:\work\wolfssl_4_6_0\git\wolfssl_stub-master\wolfssl_stub_sample_aes_gcm\cyassl-4.6.0\wolfssl_fips\wolfssl_fips\debug\sha.obj
d:\work\wolfssl_4_6_0\git\wolfssl_stub-master\wolfssl_stub_sample_aes_gcm\cyassl-4.6.0\wolfssl_fips\wolfssl_fips\debug\sha256.obj
d:\work\wolfssl_4_6_0\git\wolfssl_stub-master\wolfssl_stub_sample_aes_gcm\cyassl-4.6.0\wolfssl_fips\wolfssl_fips\debug\sha512.obj
d:\work\wolfssl_4_6_0\git\wolfssl_stub-master\wolfssl_stub_sample_aes_gcm\cyassl-4.6.0\wolfssl_fips\wolfssl_fips\debug\signature.obj
d:\work\wolfssl_4_6_0\git\wolfssl_stub-master\wolfssl_stub_sample_aes_gcm\cyassl-4.6.0\wolfssl_fips\wolfssl_fips\debug\sniffer.obj
d:\work\wolfssl_4_6_0\git\wolfssl_stub-master\wolfssl_stub_sample_aes_gcm\cyassl-4.6.0\wolfssl_fips\wolfssl_fips\debug\srp.obj
d:\work\wolfssl_4_6_0\git\wolfssl_stub-master\wolfssl_stub_sample_aes_gcm\cyassl-4.6.0\wolfssl_fips\wolfssl_fips\debug\ssl.obj
d:\work\wolfssl_4_6_0\git\wolfssl_stub-master\wolfssl_stub_sample_aes_gcm\cyassl-4.6.0\wolfssl_fips\wolfssl_fips\debug\tfm.obj
d:\work\wolfssl_4_6_0\git\wolfssl_stub-master\wolfssl_stub_sample_aes_gcm\cyassl-4.6.0\wolfssl_fips\wolfssl_fips\debug\tls.obj
d:\work\wolfssl_4_6_0\git\wolfssl_stub-master\wolfssl_stub_sample_aes_gcm\cyassl-4.6.0\wolfssl_fips\wolfssl_fips\debug\wc_encrypt.obj
d:\work\wolfssl_4_6_0\git\wolfssl_stub-master\wolfssl_stub_sample_aes_gcm\cyassl-4.6.0\wolfssl_fips\wolfssl_fips\debug\wc_port.obj
d:\work\wolfssl_4_6_0\git\wolfssl_stub-master\wolfssl_stub_sample_aes_gcm\cyassl-4.6.0\wolfssl_fips\wolfssl_fips\debug\wolfcrypt_first.obj
d:\work\wolfssl_4_6_0\git\wolfssl_stub-master\wolfssl_stub_sample_aes_gcm\cyassl-4.6.0\wolfssl_fips\wolfssl_fips\debug\wolfcrypt_last.obj
d:\work\wolfssl_4_6_0\git\wolfssl_stub-master\wolfssl_stub_sample_aes_gcm\cyassl-4.6.0\wolfssl_fips\wolfssl_fips\debug\fe_low_mem.obj
d:\work\wolfssl_4_6_0\git\wolfssl_stub-master\wolfssl_stub_sample_aes_gcm\cyassl-4.6.0\wolfssl_fips\wolfssl_fips\debug\fe_operations.obj
d:\work\wolfssl_4_6_0\git\wolfssl_stub-master\wolfssl_stub_sample_aes_gcm\cyassl-4.6.0\wolfssl_fips\wolfssl_fips\debug\fips.obj
d:\work\wolfssl_4_6_0\git\wolfssl_stub-master\wolfssl_stub_sample_aes_gcm\cyassl-4.6.0\wolfssl_fips\wolfssl_fips\debug\fips_test.obj
d:\work\wolfssl_4_6_0\git\wolfssl_stub-master\wolfssl_stub_sample_aes_gcm\cyassl-4.6.0\wolfssl_fips\wolfssl_fips\debug\ge_low_mem.obj
d:\work\wolfssl_4_6_0\git\wolfssl_stub-master\wolfssl_stub_sample_aes_gcm\cyassl-4.6.0\wolfssl_fips\wolfssl_fips\debug\ge_operations.obj
d:\work\wolfssl_4_6_0\git\wolfssl_stub-master\wolfssl_stub_sample_aes_gcm\cyassl-4.6.0\wolfssl_fips\wolfssl_fips\debug\hash.obj
d:\work\wolfssl_4_6_0\git\wolfssl_stub-master\wolfssl_stub_sample_aes_gcm\cyassl-4.6.0\wolfssl_fips\wolfssl_fips\debug\hc128.obj
d:\work\wolfssl_4_6_0\git\wolfssl_stub-master\wolfssl_stub_sample_aes_gcm\cyassl-4.6.0\wolfssl_fips\wolfssl_fips\debug\hmac.obj
d:\work\wolfssl_4_6_0\git\wolfssl_stub-master\wolfssl_stub_sample_aes_gcm\cyassl-4.6.0\wolfssl_fips\wolfssl_fips\debug\idea.obj
d:\work\wolfssl_4_6_0\git\wolfssl_stub-master\wolfssl_stub_sample_aes_gcm\cyassl-4.6.0\wolfssl_fips\wolfssl_fips\debug\integer.obj
d:\work\wolfssl_4_6_0\git\wolfssl_stub-master\wolfssl_stub_sample_aes_gcm\cyassl-4.6.0\wolfssl_fips\wolfssl_fips\debug\internal.obj
d:\work\wolfssl_4_6_0\git\wolfssl_stub-master\wolfssl_stub_sample_aes_gcm\cyassl-4.6.0\wolfssl_fips\wolfssl_fips\debug\keys.obj
d:\work\wolfssl_4_6_0\git\wolfssl_stub-master\wolfssl_stub_sample_aes_gcm\cyassl-4.6.0\wolfssl_fips\wolfssl_fips\debug\logging.obj
d:\work\wolfssl_4_6_0\git\wolfssl_stub-master\wolfssl_stub_sample_aes_gcm\cyassl-4.6.0\wolfssl_fips\wolfssl_fips\debug\md2.obj
d:\work\wolfssl_4_6_0\git\wolfssl_stub-master\wolfssl_stub_sample_aes_gcm\cyassl-4.6.0\wolfssl_fips\wolfssl_fips\debug\md4.obj
d:\work\wolfssl_4_6_0\git\wolfssl_stub-master\wolfssl_stub_sample_aes_gcm\cyassl-4.6.0\wolfssl_fips\wolfssl_fips\debug\md5.obj
d:\work\wolfssl_4_6_0\git\wolfssl_stub-master\wolfssl_stub_sample_aes_gcm\cyassl-4.6.0\wolfssl_fips\wolfssl_fips\debug\memory.obj
d:\work\wolfssl_4_6_0\git\wolfssl_stub-master\wolfssl_stub_sample_aes_gcm\cyassl-4.6.0\wolfssl_fips\wolfssl_fips\debug\ocsp.obj
d:\work\wolfssl_4_6_0\git\wolfssl_stub-master\wolfssl_stub_sample_aes_gcm\cyassl-4.6.0\wolfssl_fips\wolfssl_fips\debug\pkcs12.obj
d:\work\wolfssl_4_6_0\git\wolfssl_stub-master\wolfssl_stub_sample_aes_gcm\cyassl-4.6.0\wolfssl_fips\wolfssl_fips\debug\wolfio.obj
d:\work\wolfssl_4_6_0\git\wolfssl_stub-master\wolfssl_stub_sample_aes_gcm\cyassl-4.6.0\wolfssl_fips\wolfssl_fips\debug\aes.obj
d:\work\wolfssl_4_6_0\git\wolfssl_stub-master\wolfssl_stub_sample_aes_gcm\cyassl-4.6.0\wolfssl_fips\wolfssl_fips\debug\arc4.obj
d:\work\wolfssl_4_6_0\git\wolfssl_stub-master\wolfssl_stub_sample_aes_gcm\cyassl-4.6.0\wolfssl_fips\wolfssl_fips\debug\asm.obj
d:\work\wolfssl_4_6_0\git\wolfssl_stub-master\wolfssl_stub_sample_aes_gcm\cyassl-4.6.0\wolfssl_fips\wolfssl_fips\debug\asn.obj
d:\work\wolfssl_4_6_0\git\wolfssl_stub-master\wolfssl_stub_sample_aes_gcm\cyassl-4.6.0\wolfssl_fips\wolfssl_fips\debug\blake2b.obj
d:\work\wolfssl_4_6_0\git\wolfssl_stub-master\wolfssl_stub_sample_aes_gcm\cyassl-4.6.0\wolfssl_fips\wolfssl_fips\debug\camellia.obj
d:\work\wolfssl_4_6_0\git\wolfssl_stub-master\wolfssl_stub_sample_aes_gcm\cyassl-4.6.0\wolfssl_fips\wolfssl_fips\debug\chacha.obj
d:\work\wolfssl_4_6_0\git\wolfssl_stub-master\wolfssl_stub_sample_aes_gcm\cyassl-4.6.0\wolfssl_fips\wolfssl_fips\debug\chacha20_poly1305.obj
d:\work\wolfssl_4_6_0\git\wolfssl_stub-master\wolfssl_stub_sample_aes_gcm\cyassl-4.6.0\wolfssl_fips\wolfssl_fips\debug\coding.obj
d:\work\wolfssl_4_6_0\git\wolfssl_stub-master\wolfssl_stub_sample_aes_gcm\cyassl-4.6.0\wolfssl_fips\wolfssl_fips\debug\compress.obj
d:\work\wolfssl_4_6_0\git\wolfssl_stub-master\wolfssl_stub_sample_aes_gcm\cyassl-4.6.0\wolfssl_fips\wolfssl_fips\debug\crl.obj
d:\work\wolfssl_4_6_0\git\wolfssl_stub-master\wolfssl_stub_sample_aes_gcm\cyassl-4.6.0\wolfssl_fips\wolfssl_fips\debug\curve25519.obj
d:\work\wolfssl_4_6_0\git\wolfssl_stub-master\wolfssl_stub_sample_aes_gcm\cyassl-4.6.0\wolfssl_fips\wolfssl_fips\debug\des3.obj
d:\work\wolfssl_4_6_0\git\wolfssl_stub-master\wolfssl_stub_sample_aes_gcm\cyassl-4.6.0\wolfssl_fips\wolfssl_fips\debug\dh.obj
d:\work\wolfssl_4_6_0\git\wolfssl_stub-master\wolfssl_stub_sample_aes_gcm\cyassl-4.6.0\wolfssl_fips\wolfssl_fips\debug\dsa.obj
d:\work\wolfssl_4_6_0\git\wolfssl_stub-master\wolfssl_stub_sample_aes_gcm\cyassl-4.6.0\wolfssl_fips\wolfssl_fips\debug\ecc.obj
d:\work\wolfssl_4_6_0\git\wolfssl_stub-master\wolfssl_stub_sample_aes_gcm\cyassl-4.6.0\wolfssl_fips\wolfssl_fips\debug\ecc_fp.obj
d:\work\wolfssl_4_6_0\git\wolfssl_stub-master\wolfssl_stub_sample_aes_gcm\cyassl-4.6.0\wolfssl_fips\wolfssl_fips\debug\ed25519.obj
d:\work\wolfssl_4_6_0\git\wolfssl_stub-master\wolfssl_stub_sample_aes_gcm\cyassl-4.6.0\wolfssl_fips\wolfssl_fips\debug\error.obj
d:\work\wolfssl_4_6_0\git\wolfssl_stub-master\wolfssl_stub_sample_aes_gcm\debug\wolfssl_fips_video.lib
d:\work\wolfssl_4_6_0\git\wolfssl_stub-master\wolfssl_stub_sample_aes_gcm\cyassl-4.6.0\wolfssl_fips\wolfssl_fips\debug\wolfssl_.2bc6186d.tlog\cl.command.1.tlog
d:\work\wolfssl_4_6_0\git\wolfssl_stub-master\wolfssl_stub_sample_aes_gcm\cyassl-4.6.0\wolfssl_fips\wolfssl_fips\debug\wolfssl_.2bc6186d.tlog\cl.read.1.tlog
d:\work\wolfssl_4_6_0\git\wolfssl_stub-master\wolfssl_stub_sample_aes_gcm\cyassl-4.6.0\wolfssl_fips\wolfssl_fips\debug\wolfssl_.2bc6186d.tlog\cl.write.1.tlog
d:\work\wolfssl_4_6_0\git\wolfssl_stub-master\wolfssl_stub_sample_aes_gcm\cyassl-4.6.0\wolfssl_fips\wolfssl_fips\debug\wolfssl_.2bc6186d.tlog\lib-link.read.1.tlog
d:\work\wolfssl_4_6_0\git\wolfssl_stub-master\wolfssl_stub_sample_aes_gcm\cyassl-4.6.0\wolfssl_fips\wolfssl_fips\debug\wolfssl_.2bc6186d.tlog\lib-link.write.1.tlog
d:\work\wolfssl_4_6_0\git\wolfssl_stub-master\wolfssl_stub_sample_aes_gcm\cyassl-4.6.0\wolfssl_fips\wolfssl_fips\debug\wolfssl_.2bc6186d.tlog\lib.command.1.tlog
